<?xml version="1.0" encoding="UTF-8"?>
<!-- Generated by org.testng.reporters.JUnitXMLReporter -->
<testsuite ignored="0" hostname="Rakshi" failures="0" tests="3" name="Default test" time="32.238" errors="0" timestamp="2024-08-04T14:06:34 IST">
  <testcase classname="Prithiv.Tests.EcomSubmitOrderTest" name="SubmitOrderTest" time="9.243"/>
  <testcase classname="Prithiv.Tests.EcomSubmitOrderTest" name="SubmitOrderTest" time="9.314"/>
  <testcase classname="Prithiv.Tests.EcomSubmitOrderTest" name="OrderHistoryTest" time="3.265"/>
</testsuite> <!-- Default test -->
