<?xml version="1.0" encoding="UTF-8"?>
<!-- Generated by org.testng.reporters.JUnitXMLReporter -->
<testsuite ignored="0" hostname="Rakshi" failures="0" tests="4" name="Test" time="31.467" errors="0" timestamp="2024-08-05T23:28:19 IST">
  <testcase classname="Prithiv.Tests.EcomSubmitOrderTest" name="SubmitOrderTest" time="8.887"/>
  <testcase classname="Prithiv.Tests.EcomSubmitOrderTest" name="SubmitOrderTest" time="8.966"/>
  <testcase classname="Prithiv.Tests.EcomSubmitOrderTest" name="OrderHistoryTest" time="0.403"/>
  <testcase classname="Prithiv.Tests.EcomSubmitOrderTest" name="OrderHistoryTest" time="0.389"/>
</testsuite> <!-- Test -->
