<?xml version="1.0" encoding="UTF-8"?>
<testng-results ignored="0" total="4" passed="4" failed="0" skipped="0">
  <reporter-output>
  </reporter-output>
  <suite started-at="2024-08-05T23:27:47 IST" name="Suite" finished-at="2024-08-05T23:28:19 IST" duration-ms="31467">
    <groups>
      <group name="purchase order">
        <method signature="EcomSubmitOrderTest.SubmitOrderTest(java.util.HashMap)[pri:0, instance:Prithiv.Tests.EcomSubmitOrderTest@7c37508a]" name="SubmitOrderTest" class="Prithiv.Tests.EcomSubmitOrderTest"/>
      </group> <!-- purchase order -->
    </groups>
    <test started-at="2024-08-05T23:27:47 IST" name="Test" finished-at="2024-08-05T23:28:19 IST" duration-ms="31467">
      <class name="Prithiv.Tests.EcomSubmitOrderTest">
        <test-method is-config="true" signature="launchApplication()[pri:0, instance:Prithiv.Tests.EcomSubmitOrderTest@7c37508a]" started-at="2024-08-05T23:27:47 IST" name="launchApplication" finished-at="2024-08-05T23:27:52 IST" duration-ms="4671" status="PASS">
          <reporter-output>
          </reporter-output>
        </test-method> <!-- launchApplication -->
        <test-method signature="SubmitOrderTest(java.util.HashMap)[pri:0, instance:Prithiv.Tests.EcomSubmitOrderTest@7c37508a]" started-at="2024-08-05T23:27:52 IST" name="SubmitOrderTest" data-provider="getData" finished-at="2024-08-05T23:28:01 IST" duration-ms="8887" status="PASS">
          <params>
            <param index="0">
              <value>
                <![CDATA[{password=Prithiv@24, product=IPHONE 13 PRO, email=prithiv@gmail.com}]]>
              </value>
            </param>
          </params>
          <reporter-output>
          </reporter-output>
        </test-method> <!-- SubmitOrderTest -->
        <test-method is-config="true" signature="tearDown()[pri:0, instance:Prithiv.Tests.EcomSubmitOrderTest@7c37508a]" started-at="2024-08-05T23:28:01 IST" name="tearDown" finished-at="2024-08-05T23:28:01 IST" duration-ms="94" status="PASS">
          <reporter-output>
          </reporter-output>
        </test-method> <!-- tearDown -->
        <test-method is-config="true" signature="launchApplication()[pri:0, instance:Prithiv.Tests.EcomSubmitOrderTest@7c37508a]" started-at="2024-08-05T23:28:01 IST" name="launchApplication" finished-at="2024-08-05T23:28:04 IST" duration-ms="2828" status="PASS">
          <reporter-output>
          </reporter-output>
        </test-method> <!-- launchApplication -->
        <test-method signature="SubmitOrderTest(java.util.HashMap)[pri:0, instance:Prithiv.Tests.EcomSubmitOrderTest@7c37508a]" started-at="2024-08-05T23:28:04 IST" name="SubmitOrderTest" data-provider="getData" finished-at="2024-08-05T23:28:13 IST" duration-ms="8966" status="PASS">
          <params>
            <param index="0">
              <value>
                <![CDATA[{password=Prithiv@12, product=ZARA COAT 3, email=prithiv123@gmail.com}]]>
              </value>
            </param>
          </params>
          <reporter-output>
          </reporter-output>
        </test-method> <!-- SubmitOrderTest -->
        <test-method is-config="true" signature="tearDown()[pri:0, instance:Prithiv.Tests.EcomSubmitOrderTest@7c37508a]" started-at="2024-08-05T23:28:13 IST" name="tearDown" finished-at="2024-08-05T23:28:13 IST" duration-ms="109" status="PASS">
          <reporter-output>
          </reporter-output>
        </test-method> <!-- tearDown -->
        <test-method is-config="true" signature="launchApplication()[pri:0, instance:Prithiv.Tests.EcomSubmitOrderTest@7c37508a]" started-at="2024-08-05T23:28:13 IST" name="launchApplication" finished-at="2024-08-05T23:28:15 IST" duration-ms="1776" status="PASS">
          <reporter-output>
          </reporter-output>
        </test-method> <!-- launchApplication -->
        <test-method signature="OrderHistoryTest(java.util.HashMap)[pri:0, instance:Prithiv.Tests.EcomSubmitOrderTest@7c37508a]" started-at="2024-08-05T23:28:15 IST" name="OrderHistoryTest" data-provider="getData" finished-at="2024-08-05T23:28:15 IST" depends-on-methods="Prithiv.Tests.EcomSubmitOrderTest.SubmitOrderTest" duration-ms="403" status="PASS">
          <params>
            <param index="0">
              <value>
                <![CDATA[{password=Prithiv@24, product=IPHONE 13 PRO, email=prithiv@gmail.com}]]>
              </value>
            </param>
          </params>
          <reporter-output>
          </reporter-output>
        </test-method> <!-- OrderHistoryTest -->
        <test-method is-config="true" signature="tearDown()[pri:0, instance:Prithiv.Tests.EcomSubmitOrderTest@7c37508a]" started-at="2024-08-05T23:28:15 IST" name="tearDown" finished-at="2024-08-05T23:28:15 IST" duration-ms="124" status="PASS">
          <reporter-output>
          </reporter-output>
        </test-method> <!-- tearDown -->
        <test-method is-config="true" signature="launchApplication()[pri:0, instance:Prithiv.Tests.EcomSubmitOrderTest@7c37508a]" started-at="2024-08-05T23:28:15 IST" name="launchApplication" finished-at="2024-08-05T23:28:18 IST" duration-ms="2958" status="PASS">
          <reporter-output>
          </reporter-output>
        </test-method> <!-- launchApplication -->
        <test-method signature="OrderHistoryTest(java.util.HashMap)[pri:0, instance:Prithiv.Tests.EcomSubmitOrderTest@7c37508a]" started-at="2024-08-05T23:28:18 IST" name="OrderHistoryTest" data-provider="getData" finished-at="2024-08-05T23:28:19 IST" depends-on-methods="Prithiv.Tests.EcomSubmitOrderTest.SubmitOrderTest" duration-ms="389" status="PASS">
          <params>
            <param index="0">
              <value>
                <![CDATA[{password=Prithiv@12, product=ZARA COAT 3, email=prithiv123@gmail.com}]]>
              </value>
            </param>
          </params>
          <reporter-output>
          </reporter-output>
        </test-method> <!-- OrderHistoryTest -->
        <test-method is-config="true" signature="tearDown()[pri:0, instance:Prithiv.Tests.EcomSubmitOrderTest@7c37508a]" started-at="2024-08-05T23:28:19 IST" name="tearDown" finished-at="2024-08-05T23:28:19 IST" duration-ms="115" status="PASS">
          <reporter-output>
          </reporter-output>
        </test-method> <!-- tearDown -->
      </class> <!-- Prithiv.Tests.EcomSubmitOrderTest -->
    </test> <!-- Test -->
  </suite> <!-- Suite -->
</testng-results>
